[06-Jul-2020 18:05:06] INFO:Wrapper class called
[06-Jul-2020 18:05:06] INFO:Creating ConversionResponse object...
[06-Jul-2020 18:05:06] INFO:Executing(Download) jar file name: BatchScheduler_2.jar
[06-Jul-2020 18:05:06] INFO:Executing in: 2GVP-GEOAPP09
[06-Jul-2020 18:05:06] INFO:INPUT ::: asciiTableFormat =  | asciiFieldTerminator = , | connection = oracle.jdbc.driver.T4CConnection@da0940 |  |  | destinationLayerName = GIS_EMAS_WEBCAM | downloadFileLocation = \\10.51.50.34\geospace\FME_SCHEDULER\SOURCE_FILES\PUB\download_files | downloadZipFileName = ivan_je_ong@pub.gov.sg_lta2_GIS_EMAS_WEBCAM_B_OTO_06_Jul_2020_17_41_06_Jul_2020_18_05.zip | featureList = null | fmeLogFileLocation = \\10.51.50.34\geospace\FME_SCHEDULER\fmelogs\ | fmeLogFileName = GIS_EMAS_WEBCAM_6_7_2020_18_5_893.log | formatType = ESRI_SHAPE | ignoreColDecLenValidation = false | ignoreColLenValidation = false | includeASCIIFlag = false | jobId = 1266032 | lastUploadedDownloadedDate = null | selectedFieldList = [EQT_ID, X, Y] | sourceFileLocation = null | sourceFileName = null | GeometryType = null | sourceLayerName = GIS_EMAS_WEBCAM | sourceLayerId = 2872 | uploadDownloadType = B | userId = ivan_je_ong@pub.gov.sg | mappingFileName = null | templateFile = null | dgnSeedFile = null | cellLibrary = null | performSchemaChangeFlag = false | recordTypeCode = null | deleteFieldList = null
[06-Jul-2020 18:05:06] INFO:Validating input parameters...
[06-Jul-2020 18:05:06] INFO:Verifying prerequisite tables in database
[06-Jul-2020 18:05:06] INFO:Initialize ArcGIS license
[06-Jul-2020 18:05:06] INFO:ArcGIS license available - EngineGeoDB
[06-Jul-2020 18:05:06] INFO:Licenses checked out successfully
[06-Jul-2020 18:05:06] INFO:BaseConversion: Opening SDE Workspace...
[06-Jul-2020 18:05:07] INFO:BaseConversion: SDE Workspace was opened successfully.
[06-Jul-2020 18:05:07] INFO:Directory = \\10.51.50.34\geospace\FME_SCHEDULER\SOURCE_FILES\PUB\download_files/1266032
[06-Jul-2020 18:05:07] INFO:Creating directory...
[06-Jul-2020 18:05:07] INFO:Directory \\10.51.50.34\geospace\FME_SCHEDULER\SOURCE_FILES\PUB\download_files/1266032 created
[06-Jul-2020 18:05:07] INFO:BaseConversion: Opening SDE Workspace...
[06-Jul-2020 18:05:08] INFO:BaseConversion: SDE Workspace was opened successfully.
[06-Jul-2020 18:05:08] INFO:Creating source and target datasets.
[06-Jul-2020 18:05:08] INFO:Source geometry field = SHAPE
[06-Jul-2020 18:05:08] INFO:Appending system fields.
[06-Jul-2020 18:05:08] INFO:Downloading fields are -- SHAPE,INC_CRC,EQT_ID,X,Y,INC_CRC,FMEL_UPD_D
[06-Jul-2020 18:05:08] INFO:Download type is [BULK]
[06-Jul-2020 18:05:08] INFO:Exporting the feature class to Shapefile...
[06-Jul-2020 18:05:08] INFO:Preparing field mapping...
[06-Jul-2020 18:05:08] INFO:Field mapping prepared...
[06-Jul-2020 18:05:11] INFO:Conversion initiated...
[06-Jul-2020 18:05:13] INFO:Conversion completed...
[06-Jul-2020 18:05:13] INFO:Resources released...
[06-Jul-2020 18:05:13] INFO:Shapefile generation completed.
[06-Jul-2020 18:05:13] INFO:ShapeConversion:::download()::conReqVO.getAttachmentAttrName():	null
[06-Jul-2020 18:05:13] INFO:BaseConversion: Opening SDE Workspace...
[06-Jul-2020 18:05:13] INFO:BaseConversion: SDE Workspace was opened successfully.
[06-Jul-2020 18:05:13] WARN:Feature class [T_1266032] doesn't exist to delete
[06-Jul-2020 18:05:13] INFO:Conversion completed successfuly
[06-Jul-2020 18:05:13] INFO:Reading download feature count
[06-Jul-2020 18:05:13] INFO:totalFeatureCount : 76
[06-Jul-2020 18:05:13] INFO:UploadDownloadType == B, LayerName == GIS_EMAS_WEBCAM
[06-Jul-2020 18:05:13] INFO:Writing feature count started...
[06-Jul-2020 18:05:13] INFO:Writing feature count completed...
[06-Jul-2020 18:05:13] INFO:Layer file generation started...
[06-Jul-2020 18:06:46] INFO:Layer file of version [9.3] generation was successful
[06-Jul-2020 18:06:46] INFO:Layer file generation completed...
[06-Jul-2020 18:06:46] INFO:Entering updateMapSheetCount -- BaseConversion 1594030006067
[06-Jul-2020 18:06:46] INFO:BaseConversion: Opening SDE Workspace...
[06-Jul-2020 18:06:46] INFO:BaseConversion: SDE Workspace was opened successfully.
[06-Jul-2020 18:06:46] INFO:Upload/Download Type== B
[06-Jul-2020 18:06:46] INFO:LastUploadedDate== null
[06-Jul-2020 18:06:46] INFO:strWhereClause== 
[06-Jul-2020 18:06:46] INFO:count== 76
[06-Jul-2020 18:06:46] INFO:count_si== 3906
[06-Jul-2020 18:06:46] INFO:mapSheetCount==> 0
[06-Jul-2020 18:06:46] INFO:Exiting updateMapSheetCount -- BaseConversion, Total Time Taken = 109
[06-Jul-2020 18:06:46] INFO:Shape download completed
[06-Jul-2020 18:06:46] INFO:Shutdown the interop
[06-Jul-2020 18:06:46] INFO:Is OneMap Layer: false, Pref Indicator: 0
[06-Jul-2020 18:06:53] INFO:Writing MetaData XML started...
[06-Jul-2020 18:06:53] INFO:Writing MetaData XML completed...
[06-Jul-2020 18:06:53] INFO:FMEConversion:::download()::conReqVO.getAttachmentAttrName():	null
[06-Jul-2020 18:06:53] INFO:File zip started
[06-Jul-2020 18:06:53] INFO:File zip completed
[06-Jul-2020 18:06:53] INFO:conReqVO.getDownloadFileLocation(): \\10.51.50.34\geospace\FME_SCHEDULER\SOURCE_FILES\PUB\download_files
[06-Jul-2020 18:06:53] INFO:FileLocation: SOURCE_FILES\PUB\DOWNLOAD_FILES
[06-Jul-2020 18:06:53] INFO:---End---
