[06-Jul-2020 16:52:05] INFO:Wrapper class called
[06-Jul-2020 16:52:05] INFO:Creating ConversionResponse object...
[06-Jul-2020 16:52:05] INFO:Executing(Download) jar file name: BatchScheduler_1.jar
[06-Jul-2020 16:52:05] INFO:Executing in: 2GVP-GEOAPP09
[06-Jul-2020 16:52:05] INFO:INPUT ::: asciiTableFormat =  | asciiFieldTerminator = , | connection = oracle.jdbc.driver.T4CConnection@b21112 |  |  | destinationLayerName = LTA_Road_Enforcement_Camera | downloadFileLocation = \\10.51.50.34\geospace\FME_SCHEDULER\SOURCE_FILES\PUB\download_files | downloadZipFileName = ivan_je_ong@pub.gov.sg_flood_LTA_Road_Enforcement_Camera_B_OTO_06_Jul_2020_16_30_06_Jul_2020_16_52.zip | featureList = null | fmeLogFileLocation = \\10.51.50.34\geospace\FME_SCHEDULER\fmelogs\ | fmeLogFileName = LTA_Road_Enforcement_Camera_6_7_2020_16_52_982.log | formatType = ESRI_SHAPE | ignoreColDecLenValidation = false | ignoreColLenValidation = false | includeASCIIFlag = false | jobId = 1265985 | lastUploadedDownloadedDate = null | selectedFieldList = [UNIQUE_ID] | sourceFileLocation = null | sourceFileName = null | GeometryType = null | sourceLayerName = LTA_Road_Enforcement_Camera | sourceLayerId = 1704 | uploadDownloadType = B | userId = ivan_je_ong@pub.gov.sg | mappingFileName = null | templateFile = null | dgnSeedFile = null | cellLibrary = null | performSchemaChangeFlag = false | recordTypeCode = null | deleteFieldList = null
[06-Jul-2020 16:52:05] INFO:Validating input parameters...
[06-Jul-2020 16:52:05] INFO:Verifying prerequisite tables in database
[06-Jul-2020 16:52:05] INFO:Initialize ArcGIS license
[06-Jul-2020 16:52:05] INFO:ArcGIS license available - EngineGeoDB
[06-Jul-2020 16:52:06] INFO:Licenses checked out successfully
[06-Jul-2020 16:52:06] INFO:BaseConversion: Opening SDE Workspace...
[06-Jul-2020 16:52:07] INFO:BaseConversion: SDE Workspace was opened successfully.
[06-Jul-2020 16:52:07] INFO:Directory = \\10.51.50.34\geospace\FME_SCHEDULER\SOURCE_FILES\PUB\download_files/1265985
[06-Jul-2020 16:52:07] INFO:Creating directory...
[06-Jul-2020 16:52:07] INFO:Directory \\10.51.50.34\geospace\FME_SCHEDULER\SOURCE_FILES\PUB\download_files/1265985 created
[06-Jul-2020 16:52:07] INFO:BaseConversion: Opening SDE Workspace...
[06-Jul-2020 16:52:08] INFO:BaseConversion: SDE Workspace was opened successfully.
[06-Jul-2020 16:52:08] INFO:Creating source and target datasets.
[06-Jul-2020 16:52:08] INFO:Source geometry field = SHAPE
[06-Jul-2020 16:52:08] INFO:Appending system fields.
[06-Jul-2020 16:52:08] INFO:Downloading fields are -- SHAPE,INC_CRC,UNIQUE_ID,INC_CRC,FMEL_UPD_D
[06-Jul-2020 16:52:08] INFO:Download type is [BULK]
[06-Jul-2020 16:52:08] INFO:Exporting the feature class to Shapefile...
[06-Jul-2020 16:52:08] INFO:Preparing field mapping...
[06-Jul-2020 16:52:08] INFO:Field mapping prepared...
[06-Jul-2020 16:52:11] INFO:Conversion initiated...
[06-Jul-2020 16:52:13] INFO:Conversion completed...
[06-Jul-2020 16:52:13] INFO:Resources released...
[06-Jul-2020 16:52:13] INFO:Shapefile generation completed.
[06-Jul-2020 16:52:13] INFO:ShapeConversion:::download()::conReqVO.getAttachmentAttrName():	null
[06-Jul-2020 16:52:13] INFO:BaseConversion: Opening SDE Workspace...
[06-Jul-2020 16:52:13] INFO:BaseConversion: SDE Workspace was opened successfully.
[06-Jul-2020 16:52:13] WARN:Feature class [T_1265985] doesn't exist to delete
[06-Jul-2020 16:52:13] INFO:Conversion completed successfuly
[06-Jul-2020 16:52:13] INFO:Reading download feature count
[06-Jul-2020 16:52:13] INFO:totalFeatureCount : 254
[06-Jul-2020 16:52:13] INFO:UploadDownloadType == B, LayerName == LTA_Road_Enforcement_Camera
[06-Jul-2020 16:52:13] INFO:Writing feature count started...
[06-Jul-2020 16:52:13] INFO:Writing feature count completed...
[06-Jul-2020 16:52:13] INFO:Layer file generation started...
[06-Jul-2020 16:53:47] INFO:Layer file of version [9.3] generation was successful
[06-Jul-2020 16:53:47] INFO:Layer file generation completed...
[06-Jul-2020 16:53:47] INFO:Entering updateMapSheetCount -- BaseConversion 1594025627375
[06-Jul-2020 16:53:47] INFO:BaseConversion: Opening SDE Workspace...
[06-Jul-2020 16:53:47] INFO:BaseConversion: SDE Workspace was opened successfully.
[06-Jul-2020 16:53:47] INFO:Upload/Download Type== B
[06-Jul-2020 16:53:47] INFO:LastUploadedDate== null
[06-Jul-2020 16:53:47] INFO:strWhereClause== 
[06-Jul-2020 16:53:47] INFO:count== 254
[06-Jul-2020 16:53:47] INFO:count_si== 3906
[06-Jul-2020 16:53:47] INFO:mapSheetCount==> 0
[06-Jul-2020 16:53:47] INFO:Exiting updateMapSheetCount -- BaseConversion, Total Time Taken = 140
[06-Jul-2020 16:53:47] INFO:Shape download completed
[06-Jul-2020 16:53:48] INFO:Shutdown the interop
[06-Jul-2020 16:53:48] INFO:Is OneMap Layer: true, Pref Indicator: 4
[06-Jul-2020 16:53:48] INFO:oneMapFileLocation: \\10.51.50.34\geospace\ONEMAP_ICON_FILES\\LTA_Road_Enforcement_Camera
[06-Jul-2020 16:53:48] INFO:OneMap Icon Filename: icon_enforcementCam_20-01.jpg
[06-Jul-2020 16:53:48] INFO:OneMap Icon File Exists: true
[06-Jul-2020 16:53:54] INFO:Writing MetaData XML started...
[06-Jul-2020 16:53:54] INFO:Writing MetaData XML completed...
[06-Jul-2020 16:53:54] INFO:FMEConversion:::download()::conReqVO.getAttachmentAttrName():	null
[06-Jul-2020 16:53:54] INFO:File zip started
[06-Jul-2020 16:53:54] INFO:File zip completed
[06-Jul-2020 16:53:54] INFO:conReqVO.getDownloadFileLocation(): \\10.51.50.34\geospace\FME_SCHEDULER\SOURCE_FILES\PUB\download_files
[06-Jul-2020 16:53:54] INFO:FileLocation: SOURCE_FILES\PUB\DOWNLOAD_FILES
[06-Jul-2020 16:53:54] INFO:---End---
